<?xml version="1.0" encoding="UTF-8"?>
<!-- Generated by org.testng.reporters.JUnitReportReporter -->
<testsuite hostname="DESKTOP-8203IU4" failures="0" tests="1" name="Jenkinspractice.JenPractice1Test" time="0.014" errors="0" timestamp="22 Sep 2022 19:11:42 GMT">
  <testcase classname="Jenkinspractice.JenPractice1Test" name="jenPractice1" time="0.014"/>
</testsuite> <!-- Jenkinspractice.JenPractice1Test -->
